<?xml version="1.0" encoding="UTF-8"?>
<!-- Generated by org.testng.reporters.JUnitReportReporter -->
<testsuite hostname="LAPTOP-4NK74QFM" failures="0" tests="1" name="runner.RunCukes" time="19.625" errors="0" timestamp="14 Feb 2018 04:26:43 GMT">
  <testcase classname="runner.RunCukes" name="feature" time="19.625"/>
</testsuite> <!-- runner.RunCukes -->
